# JRE version: OpenJDK Runtime Environment (11.0.12+7) (build 11.0.12+7-b1504.28-7817840)
# Java VM: OpenJDK 64-Bit Server VM (11.0.12+7-b1504.28-7817840, mixed mode, tiered, compressed oops, g1 gc, windows-amd64)
Heap:
 garbage-first heap   total 122880K, used 40902K [0x0000000080000000, 0x0000000100000000)
  region size 1024K, 16 young (16384K), 5 survivors (5120K)
 Metaspace       used 47654K, capacity 48859K, committed 49024K, reserved 1091584K
  class space    used 6121K, capacity 6522K, committed 6528K, reserved 1048576K
GC Heap History (18 events):
Event: 0.790 GC heap before
{Heap before GC invocations=0 (full 0):
 garbage-first heap   total 122880K, used 29696K [0x0000000080000000, 0x0000000100000000)
  region size 1024K, 24 young (24576K), 0 survivors (0K)
 Metaspace       used 9870K, capacity 10114K, committed 10368K, reserved 1058816K
  class space    used 1027K, capacity 1102K, committed 1152K, reserved 1048576K
}
Event: 0.797 GC heap after
{Heap after GC invocations=1 (full 0):
 garbage-first heap   total 122880K, used 9028K [0x0000000080000000, 0x0000000100000000)
  region size 1024K, 3 young (3072K), 3 survivors (3072K)
 Metaspace       used 9870K, capacity 10114K, committed 10368K, reserved 1058816K
  class space    used 1027K, capacity 1102K, committed 1152K, reserved 1048576K
}
Event: 3.008 GC heap before
{Heap before GC invocations=1 (full 0):
 garbage-first heap   total 122880K, used 80708K [0x0000000080000000, 0x0000000100000000)
  region size 1024K, 72 young (73728K), 3 survivors (3072K)
 Metaspace       used 17388K, capacity 17711K, committed 17792K, reserved 1064960K
  class space    used 2033K, capacity 2145K, committed 2176K, reserved 1048576K
}
Event: 3.032 GC heap after
{Heap after GC invocations=2 (full 0):
 garbage-first heap   total 122880K, used 16073K [0x0000000080000000, 0x0000000100000000)
  region size 1024K, 9 young (9216K), 9 survivors (9216K)
 Metaspace       used 17388K, capacity 17711K, committed 17792K, reserved 1064960K
  class space    used 2033K, capacity 2145K, committed 2176K, reserved 1048576K
}
Event: 3.754 GC heap before
{Heap before GC invocations=2 (full 0):
 garbage-first heap   total 122880K, used 46793K [0x0000000080000000, 0x0000000100000000)
  region size 1024K, 41 young (41984K), 9 survivors (9216K)
 Metaspace       used 20754K, capacity 21134K, committed 21248K, reserved 1067008K
  class space    used 2549K, capacity 2711K, committed 2816K, reserved 1048576K
}
Event: 3.761 GC heap after
{Heap after GC invocations=3 (full 0):
 garbage-first heap   total 122880K, used 17030K [0x0000000080000000, 0x0000000100000000)
  region size 1024K, 2 young (2048K), 2 survivors (2048K)
 Metaspace       used 20754K, capacity 21134K, committed 21248K, reserved 1067008K
  class space    used 2549K, capacity 2711K, committed 2816K, reserved 1048576K
}
Event: 6.746 GC heap before
{Heap before GC invocations=4 (full 0):
 garbage-first heap   total 122880K, used 67206K [0x0000000080000000, 0x0000000100000000)
  region size 1024K, 51 young (52224K), 2 survivors (2048K)
 Metaspace       used 26032K, capacity 26581K, committed 26624K, reserved 1073152K
  class space    used 3364K, capacity 3553K, committed 3584K, reserved 1048576K
}
Event: 6.749 GC heap after
{Heap after GC invocations=5 (full 0):
 garbage-first heap   total 122880K, used 18901K [0x0000000080000000, 0x0000000100000000)
  region size 1024K, 3 young (3072K), 3 survivors (3072K)
 Metaspace       used 26032K, capacity 26581K, committed 26624K, reserved 1073152K
  class space    used 3364K, capacity 3553K, committed 3584K, reserved 1048576K
}
Event: 7.550 GC heap before
{Heap before GC invocations=5 (full 0):
 garbage-first heap   total 122880K, used 74197K [0x0000000080000000, 0x0000000100000000)
  region size 1024K, 57 young (58368K), 3 survivors (3072K)
 Metaspace       used 31904K, capacity 32614K, committed 32768K, reserved 1077248K
  class space    used 4270K, capacity 4551K, committed 4608K, reserved 1048576K
}
Event: 7.553 GC heap after
{Heap after GC invocations=6 (full 0):
 garbage-first heap   total 122880K, used 20847K [0x0000000080000000, 0x0000000100000000)
  region size 1024K, 5 young (5120K), 5 survivors (5120K)
 Metaspace       used 31904K, capacity 32614K, committed 32768K, reserved 1077248K
  class space    used 4270K, capacity 4551K, committed 4608K, reserved 1048576K
}
Event: 7.802 GC heap before
{Heap before GC invocations=6 (full 0):
 garbage-first heap   total 122880K, used 26991K [0x0000000080000000, 0x0000000100000000)
  region size 1024K, 12 young (12288K), 5 survivors (5120K)
 Metaspace       used 34949K, capacity 35782K, committed 35840K, reserved 1081344K
  class space    used 4531K, capacity 4839K, committed 4864K, reserved 1048576K
}
Event: 7.811 GC heap after
{Heap after GC invocations=7 (full 0):
 garbage-first heap   total 122880K, used 22558K [0x0000000080000000, 0x0000000100000000)
  region size 1024K, 6 young (6144K), 6 survivors (6144K)
 Metaspace       used 34949K, capacity 35782K, committed 35840K, reserved 1081344K
  class space    used 4531K, capacity 4839K, committed 4864K, reserved 1048576K
}
Event: 8.547 GC heap before
{Heap before GC invocations=8 (full 0):
 garbage-first heap   total 122880K, used 71710K [0x0000000080000000, 0x0000000100000000)
  region size 1024K, 52 young (53248K), 6 survivors (6144K)
 Metaspace       used 39311K, capacity 40273K, committed 40448K, reserved 1085440K
  class space    used 5015K, capacity 5353K, committed 5376K, reserved 1048576K
}
Event: 8.557 GC heap after
{Heap after GC invocations=9 (full 0):
 garbage-first heap   total 122880K, used 26463K [0x0000000080000000, 0x0000000100000000)
  region size 1024K, 7 young (7168K), 7 survivors (7168K)
 Metaspace       used 39311K, capacity 40273K, committed 40448K, reserved 1085440K
  class space    used 5015K, capacity 5353K, committed 5376K, reserved 1048576K
}
Event: 9.873 GC heap before
{Heap before GC invocations=9 (full 0):
 garbage-first heap   total 122880K, used 75615K [0x0000000080000000, 0x0000000100000000)
  region size 1024K, 55 young (56320K), 7 survivors (7168K)
 Metaspace       used 43564K, capacity 44594K, committed 44928K, reserved 1087488K
  class space    used 5544K, capacity 5931K, committed 6016K, reserved 1048576K
}
Event: 9.881 GC heap after
{Heap after GC invocations=10 (full 0):
 garbage-first heap   total 122880K, used 29101K [0x0000000080000000, 0x0000000100000000)
  region size 1024K, 3 young (3072K), 3 survivors (3072K)
 Metaspace       used 43564K, capacity 44594K, committed 44928K, reserved 1087488K
  class space    used 5544K, capacity 5931K, committed 6016K, reserved 1048576K
}
Event: 11.751 GC heap before
{Heap before GC invocations=10 (full 0):
 garbage-first heap   total 122880K, used 79277K [0x0000000080000000, 0x0000000100000000)
  region size 1024K, 52 young (53248K), 3 survivors (3072K)
 Metaspace       used 47069K, capacity 48223K, committed 48512K, reserved 1091584K
  class space    used 6077K, capacity 6483K, committed 6528K, reserved 1048576K
}
Event: 11.755 GC heap after
{Heap after GC invocations=11 (full 0):
 garbage-first heap   total 122880K, used 30662K [0x0000000080000000, 0x0000000100000000)
  region size 1024K, 5 young (5120K), 5 survivors (5120K)
 Metaspace       used 47069K, capacity 48223K, committed 48512K, reserved 1091584K
  class space    used 6077K, capacity 6483K, committed 6528K, reserved 1048576K
}

