# JRE version: OpenJDK Runtime Environment (11.0.12+7) (build 11.0.12+7-b1504.28-7817840)
# Java VM: OpenJDK 64-Bit Server VM (11.0.12+7-b1504.28-7817840, mixed mode, tiered, compressed oops, g1 gc, windows-amd64)
Heap:
 garbage-first heap   total 122880K, used 42722K [0x0000000080000000, 0x0000000100000000)
  region size 1024K, 9 young (9216K), 7 survivors (7168K)
 Metaspace       used 48566K, capacity 49851K, committed 50048K, reserved 1093632K
  class space    used 6221K, capacity 6675K, committed 6784K, reserved 1048576K
GC Heap History (20 events):
Event: 1.135 GC heap before
{Heap before GC invocations=0 (full 0):
 garbage-first heap   total 122880K, used 30720K [0x0000000080000000, 0x0000000100000000)
  region size 1024K, 24 young (24576K), 0 survivors (0K)
 Metaspace       used 9855K, capacity 10054K, committed 10112K, reserved 1058816K
  class space    used 1027K, capacity 1102K, committed 1152K, reserved 1048576K
}
Event: 1.144 GC heap after
{Heap after GC invocations=1 (full 0):
 garbage-first heap   total 122880K, used 9232K [0x0000000080000000, 0x0000000100000000)
  region size 1024K, 3 young (3072K), 3 survivors (3072K)
 Metaspace       used 9855K, capacity 10054K, committed 10112K, reserved 1058816K
  class space    used 1027K, capacity 1102K, committed 1152K, reserved 1048576K
}
Event: 3.250 GC heap before
{Heap before GC invocations=1 (full 0):
 garbage-first heap   total 122880K, used 80912K [0x0000000080000000, 0x0000000100000000)
  region size 1024K, 72 young (73728K), 3 survivors (3072K)
 Metaspace       used 17365K, capacity 17715K, committed 17792K, reserved 1064960K
  class space    used 2033K, capacity 2145K, committed 2176K, reserved 1048576K
}
Event: 3.255 GC heap after
{Heap after GC invocations=2 (full 0):
 garbage-first heap   total 122880K, used 15982K [0x0000000080000000, 0x0000000100000000)
  region size 1024K, 9 young (9216K), 9 survivors (9216K)
 Metaspace       used 17365K, capacity 17715K, committed 17792K, reserved 1064960K
  class space    used 2033K, capacity 2145K, committed 2176K, reserved 1048576K
}
Event: 3.576 GC heap before
{Heap before GC invocations=2 (full 0):
 garbage-first heap   total 122880K, used 47726K [0x0000000080000000, 0x0000000100000000)
  region size 1024K, 41 young (41984K), 9 survivors (9216K)
 Metaspace       used 20736K, capacity 21138K, committed 21248K, reserved 1067008K
  class space    used 2550K, capacity 2711K, committed 2816K, reserved 1048576K
}
Event: 3.583 GC heap after
{Heap after GC invocations=3 (full 0):
 garbage-first heap   total 122880K, used 17048K [0x0000000080000000, 0x0000000100000000)
  region size 1024K, 2 young (2048K), 2 survivors (2048K)
 Metaspace       used 20736K, capacity 21138K, committed 21248K, reserved 1067008K
  class space    used 2550K, capacity 2711K, committed 2816K, reserved 1048576K
}
Event: 4.123 GC heap before
{Heap before GC invocations=4 (full 0):
 garbage-first heap   total 122880K, used 67224K [0x0000000080000000, 0x0000000100000000)
  region size 1024K, 51 young (52224K), 2 survivors (2048K)
 Metaspace       used 26027K, capacity 26521K, committed 26624K, reserved 1073152K
  class space    used 3367K, capacity 3553K, committed 3584K, reserved 1048576K
}
Event: 4.126 GC heap after
{Heap after GC invocations=5 (full 0):
 garbage-first heap   total 122880K, used 18855K [0x0000000080000000, 0x0000000100000000)
  region size 1024K, 3 young (3072K), 3 survivors (3072K)
 Metaspace       used 26027K, capacity 26521K, committed 26624K, reserved 1073152K
  class space    used 3367K, capacity 3553K, committed 3584K, reserved 1048576K
}
Event: 4.873 GC heap before
{Heap before GC invocations=5 (full 0):
 garbage-first heap   total 122880K, used 74151K [0x0000000080000000, 0x0000000100000000)
  region size 1024K, 57 young (58368K), 3 survivors (3072K)
 Metaspace       used 31791K, capacity 32522K, committed 32768K, reserved 1077248K
  class space    used 4257K, capacity 4519K, committed 4608K, reserved 1048576K
}
Event: 4.877 GC heap after
{Heap after GC invocations=6 (full 0):
 garbage-first heap   total 122880K, used 20846K [0x0000000080000000, 0x0000000100000000)
  region size 1024K, 5 young (5120K), 5 survivors (5120K)
 Metaspace       used 31791K, capacity 32522K, committed 32768K, reserved 1077248K
  class space    used 4257K, capacity 4519K, committed 4608K, reserved 1048576K
}
Event: 5.071 GC heap before
{Heap before GC invocations=6 (full 0):
 garbage-first heap   total 122880K, used 26990K [0x0000000080000000, 0x0000000100000000)
  region size 1024K, 12 young (12288K), 5 survivors (5120K)
 Metaspace       used 34911K, capacity 35722K, committed 35840K, reserved 1081344K
  class space    used 4531K, capacity 4839K, committed 4864K, reserved 1048576K
}
Event: 5.079 GC heap after
{Heap after GC invocations=7 (full 0):
 garbage-first heap   total 122880K, used 22387K [0x0000000080000000, 0x0000000100000000)
  region size 1024K, 6 young (6144K), 6 survivors (6144K)
 Metaspace       used 34911K, capacity 35722K, committed 35840K, reserved 1081344K
  class space    used 4531K, capacity 4839K, committed 4864K, reserved 1048576K
}
Event: 5.499 GC heap before
{Heap before GC invocations=8 (full 0):
 garbage-first heap   total 122880K, used 71539K [0x0000000080000000, 0x0000000100000000)
  region size 1024K, 52 young (53248K), 6 survivors (6144K)
 Metaspace       used 39261K, capacity 40213K, committed 40448K, reserved 1085440K
  class space    used 5012K, capacity 5353K, committed 5376K, reserved 1048576K
}
Event: 5.506 GC heap after
{Heap after GC invocations=9 (full 0):
 garbage-first heap   total 122880K, used 26420K [0x0000000080000000, 0x0000000100000000)
  region size 1024K, 7 young (7168K), 7 survivors (7168K)
 Metaspace       used 39261K, capacity 40213K, committed 40448K, reserved 1085440K
  class space    used 5012K, capacity 5353K, committed 5376K, reserved 1048576K
}
Event: 5.984 GC heap before
{Heap before GC invocations=9 (full 0):
 garbage-first heap   total 122880K, used 75572K [0x0000000080000000, 0x0000000100000000)
  region size 1024K, 55 young (56320K), 7 survivors (7168K)
 Metaspace       used 43518K, capacity 44535K, committed 44672K, reserved 1087488K
  class space    used 5539K, capacity 5931K, committed 6016K, reserved 1048576K
}
Event: 5.989 GC heap after
{Heap after GC invocations=10 (full 0):
 garbage-first heap   total 122880K, used 28889K [0x0000000080000000, 0x0000000100000000)
  region size 1024K, 7 young (7168K), 7 survivors (7168K)
 Metaspace       used 43518K, capacity 44535K, committed 44672K, reserved 1087488K
  class space    used 5539K, capacity 5931K, committed 6016K, reserved 1048576K
}
Event: 6.412 GC heap before
{Heap before GC invocations=10 (full 0):
 garbage-first heap   total 122880K, used 79065K [0x0000000080000000, 0x0000000100000000)
  region size 1024K, 56 young (57344K), 7 survivors (7168K)
 Metaspace       used 47015K, capacity 48148K, committed 48256K, reserved 1091584K
  class space    used 6071K, capacity 6477K, committed 6528K, reserved 1048576K
}
Event: 6.417 GC heap after
{Heap after GC invocations=11 (full 0):
 garbage-first heap   total 122880K, used 31272K [0x0000000080000000, 0x0000000100000000)
  region size 1024K, 5 young (5120K), 5 survivors (5120K)
 Metaspace       used 47015K, capacity 48148K, committed 48256K, reserved 1091584K
  class space    used 6071K, capacity 6477K, committed 6528K, reserved 1048576K
}
Event: 7.596 GC heap before
{Heap before GC invocations=11 (full 0):
 garbage-first heap   total 122880K, used 84520K [0x0000000080000000, 0x0000000100000000)
  region size 1024K, 56 young (57344K), 5 survivors (5120K)
 Metaspace       used 48566K, capacity 49851K, committed 50048K, reserved 1093632K
  class space    used 6221K, capacity 6675K, committed 6784K, reserved 1048576K
}
Event: 7.601 GC heap after
{Heap after GC invocations=12 (full 0):
 garbage-first heap   total 122880K, used 39650K [0x0000000080000000, 0x0000000100000000)
  region size 1024K, 7 young (7168K), 7 survivors (7168K)
 Metaspace       used 48566K, capacity 49851K, committed 50048K, reserved 1093632K
  class space    used 6221K, capacity 6675K, committed 6784K, reserved 1048576K
}

